"../../../../../Documents/GitHub/ShadowStep/ShadowStep/Content/Mannequin/Character/Mesh/UE4_Mannequin_Skeleton.uasset" 0
"../../../../../Documents/GitHub/ShadowStep/ShadowStep/Content/Mannequin/Animations/ThirdPerson_Jump.uasset" 1
"../../../../../Documents/GitHub/ShadowStep/ShadowStep/Content/Mannequin/Animations/ThirdPersonJump_Loop.uasset" 2
"../../../../../Documents/GitHub/ShadowStep/ShadowStep/Content/Mannequin/Animations/ThirdPersonJump_Start.uasset" 3
"../../../../../Documents/GitHub/ShadowStep/ShadowStep/Content/Mannequin/Animations/ThirdPersonIdle.uasset" 4
"../../../../../Documents/GitHub/ShadowStep/ShadowStep/Content/Mannequin/Animations/ThirdPersonRun.uasset" 5
"../../../../../Documents/GitHub/ShadowStep/ShadowStep/Content/Mannequin/Animations/ThirdPersonWalk.uasset" 6
"../../../../../Documents/GitHub/ShadowStep/ShadowStep/Content/Mannequin/Animations/ThirdPerson_IdleRun_2D.uasset" 7
"../../../Engine/Content/EditorBlueprintResources/StandardMacros.uasset" 8
"../../../../../Documents/GitHub/ShadowStep/ShadowStep/Content/Mannequin/Animations/ThirdPerson_AnimBP.uasset" 9
"../../../Engine/Content/BasicShapes/BasicShapeMaterial.uasset" 10
"../../../Engine/Content/Functions/Engine_MaterialFunctions01/Opacity/CameraDepthFade.uasset" 11
"../../../Engine/Content/EngineMaterials/T_Default_Material_Grid_M.uasset" 12
"../../../Engine/Content/EngineMaterials/T_Default_Material_Grid_N.uasset" 13
"../../../Engine/Content/EngineMaterials/WorldGridMaterial.uasset" 14
"../../../Engine/Content/BasicShapes/Cube.uasset" 15
"../../../../../Documents/GitHub/ShadowStep/ShadowStep/Content/BPs_Made/Pushable_Cube_Blueprint.uasset" 16
"../../../../../Documents/GitHub/ShadowStep/ShadowStep/Content/StarterContent/Textures/T_Door_M.uasset" 17
"../../../../../Documents/GitHub/ShadowStep/ShadowStep/Content/StarterContent/Textures/T_Door_N.uasset" 18
"../../../../../Documents/GitHub/ShadowStep/ShadowStep/Content/StarterContent/Props/Materials/M_Door.uasset" 19
"../../../../../Documents/GitHub/ShadowStep/ShadowStep/Content/StarterContent/Props/MaterialSphere.uasset" 20
"../../../../../Documents/GitHub/ShadowStep/ShadowStep/Content/ThirdPersonBP/Blueprints/Projectile.uasset" 21
"../../../../../Documents/GitHub/ShadowStep/ShadowStep/Content/AirborneShadow.uasset" 22
"../../../../../Documents/GitHub/ShadowStep/ShadowStep/Content/SurfaceShadow.uasset" 23
"../../../Engine/Content/EngineMaterials/DefaultMaterial.uasset" 24
"../../../Engine/Content/BasicShapes/Cone.uasset" 25
"../../../Engine/Content/BasicShapes/Sphere.uasset" 26
"../../../Engine/Content/Functions/Engine_MaterialFunctions02/Utility/BlendAngleCorrectedNormals.uasset" 27
"../../../Engine/Content/Functions/MaterialLayerFunctions/MatLayerBlend_NormalBlend.uasset" 28
"../../../Engine/Content/Functions/MaterialLayerFunctions/MatLayerBlend_Simple.uasset" 29
"../../../../../Documents/GitHub/ShadowStep/ShadowStep/Content/Mannequin/Character/Materials/MaterialLayers/T_ML_Rubber_Blue_01_D.uasset" 30
"../../../../../Documents/GitHub/ShadowStep/ShadowStep/Content/Mannequin/Character/Materials/MaterialLayers/T_ML_Rubber_Blue_01_N.uasset" 31
"../../../../../Documents/GitHub/ShadowStep/ShadowStep/Content/Mannequin/Character/Materials/MaterialLayers/ML_GlossyBlack_Latex_UE4.uasset" 32
"../../../../../Documents/GitHub/ShadowStep/ShadowStep/Content/Mannequin/Character/Materials/MaterialLayers/ML_Plastic_Shiny_Beige.uasset" 33
"../../../../../Documents/GitHub/ShadowStep/ShadowStep/Content/Mannequin/Character/Textures/UE4_LOGO_CARD.uasset" 34
"../../../../../Documents/GitHub/ShadowStep/ShadowStep/Content/Mannequin/Character/Materials/MaterialLayers/ML_Plastic_Shiny_Beige_LOGO.uasset" 35
"../../../../../Documents/GitHub/ShadowStep/ShadowStep/Content/Mannequin/Character/Materials/MaterialLayers/T_ML_Aluminum01.uasset" 36
"../../../../../Documents/GitHub/ShadowStep/ShadowStep/Content/Mannequin/Character/Materials/MaterialLayers/T_ML_Aluminum01_N.uasset" 37
"../../../../../Documents/GitHub/ShadowStep/ShadowStep/Content/Mannequin/Character/Materials/MaterialLayers/ML_SoftMetal_UE4.uasset" 38
"../../../../../Documents/GitHub/ShadowStep/ShadowStep/Content/Mannequin/Character/Textures/UE4_Mannequin__normals.uasset" 39
"../../../../../Documents/GitHub/ShadowStep/ShadowStep/Content/Mannequin/Character/Textures/UE4_Mannequin_MAT_MASKA.uasset" 40
"../../../../../Documents/GitHub/ShadowStep/ShadowStep/Content/Mannequin/Character/Materials/M_UE4Man_Body.uasset" 41
"../../../../../Documents/GitHub/ShadowStep/ShadowStep/Content/Mannequin/Character/Textures/UE4Man_Logo_N.uasset" 42
"../../../../../Documents/GitHub/ShadowStep/ShadowStep/Content/Mannequin/Character/Materials/M_UE4Man_ChestLogo.uasset" 43
"../../../../../Documents/GitHub/ShadowStep/ShadowStep/Content/Mannequin/Character/Mesh/SK_Mannequin_PhysicsAsset.uasset" 44
"../../../../../Documents/GitHub/ShadowStep/ShadowStep/Content/Mannequin/Character/Mesh/SK_Mannequin.uasset" 45
"../../../../../Documents/GitHub/ShadowStep/ShadowStep/Content/ThirdPersonBP/Blueprints/ThirdPersonCharacter.uasset" 46
"../../../../../Documents/GitHub/ShadowStep/ShadowStep/Content/Cube_Blueprint.uasset" 47
"../../../../../Documents/GitHub/ShadowStep/ShadowStep/Content/LineEndLocation.uasset" 48
"../../../../../Documents/GitHub/ShadowStep/ShadowStep/Content/Shadows.uasset" 49
"../../../../../Documents/GitHub/ShadowStep/ShadowStep/Content/BPs_Made/Lever_Blueprint.uasset" 50
"../../../../../Documents/GitHub/ShadowStep/ShadowStep/Content/BPs_Made/PointLight_Blueprint.uasset" 51
"../../../../../Documents/GitHub/ShadowStep/ShadowStep/Content/BPs_Made/SpotLight_Blueprint.uasset" 52
"../../../../../Documents/GitHub/ShadowStep/ShadowStep/Content/BPs_Made/Trigger_Blueprint.uasset" 53
"../../../../../Documents/GitHub/ShadowStep/ShadowStep/Content/Mannequin/Animations/ThirdPersonJump_End.uasset" 54
"../../../../../Documents/GitHub/ShadowStep/ShadowStep/Content/StarterContent/Materials/M_Basic_Wall.uasset" 55
"../../../../../Documents/GitHub/ShadowStep/ShadowStep/Content/StarterContent/Architecture/Pillar_50x500.uasset" 56
"../../../../../Documents/GitHub/ShadowStep/ShadowStep/Content/StarterContent/Architecture/Wall_400x300.uasset" 57
"../../../../../Documents/GitHub/ShadowStep/ShadowStep/Content/StarterContent/Architecture/Wall_400x400.uasset" 58
"../../../../../Documents/GitHub/ShadowStep/ShadowStep/Content/StarterContent/Architecture/Wall_500x500.uasset" 59
"../../../../../Documents/GitHub/ShadowStep/ShadowStep/Content/StarterContent/Architecture/Wall_Door_400x400.uasset" 60
"../../../../../Documents/GitHub/ShadowStep/ShadowStep/Content/StarterContent/Architecture/Wall_Window_400x400.uasset" 61
"../../../../../Documents/GitHub/ShadowStep/ShadowStep/Content/StarterContent/Audio/Collapse01.uasset" 62
"../../../../../Documents/GitHub/ShadowStep/ShadowStep/Content/StarterContent/Audio/Collapse02.uasset" 63
"../../../../../Documents/GitHub/ShadowStep/ShadowStep/Content/StarterContent/Audio/Explosion01.uasset" 64
"../../../../../Documents/GitHub/ShadowStep/ShadowStep/Content/StarterContent/Audio/Explosion02.uasset" 65
"../../../../../Documents/GitHub/ShadowStep/ShadowStep/Content/StarterContent/Audio/Fire01.uasset" 66
"../../../../../Documents/GitHub/ShadowStep/ShadowStep/Content/StarterContent/Audio/Fire_Sparks01.uasset" 67
"../../../../../Documents/GitHub/ShadowStep/ShadowStep/Content/StarterContent/Audio/Light01.uasset" 68
"../../../../../Documents/GitHub/ShadowStep/ShadowStep/Content/StarterContent/Audio/Light01_Cue.uasset" 69
"../../../../../Documents/GitHub/ShadowStep/ShadowStep/Content/StarterContent/Audio/Light02.uasset" 70
"../../../../../Documents/GitHub/ShadowStep/ShadowStep/Content/StarterContent/Audio/Light02_Cue.uasset" 71
"../../../../../Documents/GitHub/ShadowStep/ShadowStep/Content/StarterContent/Audio/Smoke01.uasset" 72
"../../../../../Documents/GitHub/ShadowStep/ShadowStep/Content/StarterContent/Audio/Starter_Birds01.uasset" 73
"../../../../../Documents/GitHub/ShadowStep/ShadowStep/Content/StarterContent/Audio/Starter_Music01.uasset" 74
"../../../../../Documents/GitHub/ShadowStep/ShadowStep/Content/StarterContent/Audio/Starter_Wind05.uasset" 75
"../../../../../Documents/GitHub/ShadowStep/ShadowStep/Content/StarterContent/Audio/Starter_Wind06.uasset" 76
"../../../../../Documents/GitHub/ShadowStep/ShadowStep/Content/StarterContent/Audio/Steam01.uasset" 77
"../../../../../Documents/GitHub/ShadowStep/ShadowStep/Content/StarterContent/Audio/Explosion_Cue.uasset" 78
"../../../../../Documents/GitHub/ShadowStep/ShadowStep/Content/StarterContent/Textures/T_Burst_M.uasset" 79
"../../../../../Documents/GitHub/ShadowStep/ShadowStep/Content/StarterContent/Particles/Materials/M_Burst.uasset" 80
"../../../../../Documents/GitHub/ShadowStep/ShadowStep/Content/StarterContent/Textures/T_Explosion_SubUV.uasset" 81
"../../../../../Documents/GitHub/ShadowStep/ShadowStep/Content/StarterContent/Particles/Materials/M_explosion_subUV.uasset" 82
"../../../../../Documents/GitHub/ShadowStep/ShadowStep/Content/StarterContent/Particles/Materials/m_flare_01.uasset" 83
"../../../Engine/Content/Functions/Engine_MaterialFunctions01/Gradient/RadialGradient.uasset" 84
"../../../../../Documents/GitHub/ShadowStep/ShadowStep/Content/StarterContent/Particles/Materials/M_radial_ramp.uasset" 85
"../../../../../Documents/GitHub/ShadowStep/ShadowStep/Content/StarterContent/Textures/T_Smoke_SubUV.uasset" 86
"../../../../../Documents/GitHub/ShadowStep/ShadowStep/Content/StarterContent/Textures/T_Smoke_Tiled_D.uasset" 87
"../../../../../Documents/GitHub/ShadowStep/ShadowStep/Content/StarterContent/Particles/Materials/M_smoke_subUV.uasset" 88
"../../../../../Documents/GitHub/ShadowStep/ShadowStep/Content/StarterContent/Particles/P_Explosion.uasset" 89
"../../../../../Documents/GitHub/ShadowStep/ShadowStep/Content/StarterContent/Blueprints/Blueprint_Effect_Explosion.uasset" 90
"../../../Engine/Content/EditorMeshes/ColorCalibrator/T_ColorGrid.uasset" 91
"../../../../../Documents/GitHub/ShadowStep/ShadowStep/Content/StarterContent/Materials/M_ColorGrid_LowSpec.uasset" 92
"../../../../../Documents/GitHub/ShadowStep/ShadowStep/Content/StarterContent/Textures/T_Bush_D.uasset" 93
"../../../../../Documents/GitHub/ShadowStep/ShadowStep/Content/StarterContent/Textures/T_Bush_N.uasset" 94
"../../../../../Documents/GitHub/ShadowStep/ShadowStep/Content/StarterContent/Props/Materials/M_Bush.uasset" 95
"../../../../../Documents/GitHub/ShadowStep/ShadowStep/Content/StarterContent/Props/SM_Bush.uasset" 96
"../../../../../Documents/GitHub/ShadowStep/ShadowStep/Content/StarterContent/Textures/T_Chair_M.uasset" 97
"../../../../../Documents/GitHub/ShadowStep/ShadowStep/Content/StarterContent/Textures/T_Chair_N.uasset" 98
"../../../../../Documents/GitHub/ShadowStep/ShadowStep/Content/StarterContent/Props/Materials/M_Chair.uasset" 99
"../../../../../Documents/GitHub/ShadowStep/ShadowStep/Content/StarterContent/Props/SM_Couch.uasset" 100
"../../../../../Documents/GitHub/ShadowStep/ShadowStep/Content/StarterContent/Materials/M_Glass.uasset" 101
"../../../../../Documents/GitHub/ShadowStep/ShadowStep/Content/StarterContent/Props/SM_Door.uasset" 102
"../../../../../Documents/GitHub/ShadowStep/ShadowStep/Content/StarterContent/Props/Materials/M_MaterialSphere.uasset" 103
"../../../../../Documents/GitHub/ShadowStep/ShadowStep/Content/StarterContent/Props/Materials/M_MaterialSphere_Plain.uasset" 104
"../../../../../Documents/GitHub/ShadowStep/ShadowStep/Content/StarterContent/Props/SM_MatPreviewMesh_02.uasset" 105
"../../../../../Documents/GitHub/ShadowStep/ShadowStep/Content/StarterContent/Textures/T_Detail_Rocky_N.uasset" 106
"../../../../../Documents/GitHub/ShadowStep/ShadowStep/Content/StarterContent/Textures/T_Rock_Basalt_D.uasset" 107
"../../../../../Documents/GitHub/ShadowStep/ShadowStep/Content/StarterContent/Textures/T_RockMesh_M.uasset" 108
"../../../../../Documents/GitHub/ShadowStep/ShadowStep/Content/StarterContent/Textures/T_RockMesh_N.uasset" 109
"../../../../../Documents/GitHub/ShadowStep/ShadowStep/Content/StarterContent/Props/Materials/M_Rock.uasset" 110
"../../../../../Documents/GitHub/ShadowStep/ShadowStep/Content/StarterContent/Props/SM_Rock.uasset" 111
"../../../../../Documents/GitHub/ShadowStep/ShadowStep/Content/StarterContent/Textures/T_Shelf_M.uasset" 112
"../../../../../Documents/GitHub/ShadowStep/ShadowStep/Content/StarterContent/Textures/T_Shelf_N.uasset" 113
"../../../../../Documents/GitHub/ShadowStep/ShadowStep/Content/StarterContent/Props/Materials/M_Shelf.uasset" 114
"../../../../../Documents/GitHub/ShadowStep/ShadowStep/Content/StarterContent/Props/SM_Shelf.uasset" 115
"../../../../../Documents/GitHub/ShadowStep/ShadowStep/Content/StarterContent/Materials/M_Basic_Floor.uasset" 116
"../../../../../Documents/GitHub/ShadowStep/ShadowStep/Content/StarterContent/Props/SM_Stairs.uasset" 117
"../../../../../Documents/GitHub/ShadowStep/ShadowStep/Content/StarterContent/Shapes/Shape_Cone.uasset" 118
"../../../../../Documents/GitHub/ShadowStep/ShadowStep/Content/StarterContent/Shapes/Shape_Cylinder.uasset" 119
"../../../../../Documents/GitHub/ShadowStep/ShadowStep/Content/StarterContent/Shapes/Shape_NarrowCapsule.uasset" 120
"../../../../../Documents/GitHub/ShadowStep/ShadowStep/Content/StarterContent/Shapes/Shape_Pipe.uasset" 121
"../../../../../Documents/GitHub/ShadowStep/ShadowStep/Content/StarterContent/Shapes/Shape_Pipe_180.uasset" 122
"../../../../../Documents/GitHub/ShadowStep/ShadowStep/Content/StarterContent/Shapes/Shape_Pipe_90.uasset" 123
"../../../../../Documents/GitHub/ShadowStep/ShadowStep/Content/StarterContent/Shapes/Shape_Plane.uasset" 124
"../../../../../Documents/GitHub/ShadowStep/ShadowStep/Content/StarterContent/Shapes/Shape_Torus.uasset" 125
"../../../../../Documents/GitHub/ShadowStep/ShadowStep/Content/StarterContent/Shapes/Shape_Trim.uasset" 126
"../../../../../Documents/GitHub/ShadowStep/ShadowStep/Content/StarterContent/Shapes/Shape_Trim_90_In.uasset" 127
"../../../../../Documents/GitHub/ShadowStep/ShadowStep/Content/StarterContent/Shapes/Shape_Trim_90_Out.uasset" 128
"../../../../../Documents/GitHub/ShadowStep/ShadowStep/Content/StarterContent/Shapes/Shape_TriPyramid.uasset" 129
"../../../../../Documents/GitHub/ShadowStep/ShadowStep/Content/StarterContent/Shapes/Shape_Tube.uasset" 130
"../../../../../Documents/GitHub/ShadowStep/ShadowStep/Content/StarterContent/Shapes/Shape_Wedge_A.uasset" 131
"../../../../../Documents/GitHub/ShadowStep/ShadowStep/Content/StarterContent/Shapes/Shape_Wedge_B.uasset" 132
"../../../../../Documents/GitHub/ShadowStep/ShadowStep/Content/StarterContent/Shapes/Shape_WideCapsule.uasset" 133
"../../../../../Documents/GitHub/ShadowStep/ShadowStep/Content/ThirdPersonBP/BackGate.uasset" 134
"../../../../../Documents/GitHub/ShadowStep/ShadowStep/Content/ThirdPersonBP/Gate_pCylinder44.uasset" 135
"../../../../../Documents/GitHub/ShadowStep/ShadowStep/Content/ThirdPersonBP/Eyes.uasset" 136
"../../../../../Documents/GitHub/ShadowStep/ShadowStep/Content/ThirdPersonBP/Gloves.uasset" 137
"../../../../../Documents/GitHub/ShadowStep/ShadowStep/Content/ThirdPersonBP/hair.uasset" 138
"../../../../../Documents/GitHub/ShadowStep/ShadowStep/Content/ThirdPersonBP/Horns.uasset" 139
"../../../../../Documents/GitHub/ShadowStep/ShadowStep/Content/ThirdPersonBP/lambert1.uasset" 140
"../../../../../Documents/GitHub/ShadowStep/ShadowStep/Content/ThirdPersonBP/Mask.uasset" 141
"../../../../../Documents/GitHub/ShadowStep/ShadowStep/Content/ThirdPersonBP/Paints.uasset" 142
"../../../../../Documents/GitHub/ShadowStep/ShadowStep/Content/ThirdPersonBP/Scarf.uasset" 143
"../../../../../Documents/GitHub/ShadowStep/ShadowStep/Content/ThirdPersonBP/Shirt.uasset" 144
"../../../../../Documents/GitHub/ShadowStep/ShadowStep/Content/ThirdPersonBP/Shoes.uasset" 145
"../../../../../Documents/GitHub/ShadowStep/ShadowStep/Content/ThirdPersonBP/Skin.uasset" 146
"../../../../../Documents/GitHub/ShadowStep/ShadowStep/Content/ThirdPersonBP/Vest.uasset" 147
"../../../../../Documents/GitHub/ShadowStep/ShadowStep/Content/ThirdPersonBP/ShadowStepMainCharacter_pSphere3.uasset" 148
"../../../../../Documents/GitHub/ShadowStep/ShadowStep/Content/ThirdPersonBP/VelvetRope_group4_nurbsTorus7.uasset" 149
"../../../../../Documents/GitHub/ShadowStep/ShadowStep/Content/ThirdPersonBP/Blueprints/HealthInterface.uasset" 150
"../../../../../Documents/GitHub/ShadowStep/ShadowStep/Content/ThirdPersonBP/Blueprints/CharacterBase.uasset" 151
"../../../../../Documents/GitHub/ShadowStep/ShadowStep/Content/ThirdPersonBP/Blueprints/ThirdPersonGameMode.uasset" 152
"../../../Engine/Content/BasicShapes/Cylinder.uasset" 153
"../../../Engine/Content/BasicShapes/Plane.uasset" 154
"../../../Engine/Content/EditorLandscapeResources/DataLayer.uasset" 155
"../../../Engine/Content/EditorMaterials/GizmoMaterial.uasset" 156
"../../../Engine/Content/EditorMaterials/MAT_Groups_Toggle.uasset" 157
"../../../Engine/Content/EditorMaterials/MAT_Groups_Visibility.uasset" 158
"../../../Engine/Content/EditorMaterials/PreviewShadowIndicator.uasset" 159
"../../../Engine/Content/EditorMaterials/PreviewShadowIndicatorMaterial.uasset" 160
"../../../Engine/Content/EditorMaterials/MatineeGroups/MAT_ColorTrack.uasset" 161
"../../../Engine/Content/EditorMaterials/MatineeGroups/MAT_Groups_Anim.uasset" 162
"../../../Engine/Content/EditorMaterials/MatineeGroups/MAT_Groups_AudioMaster.uasset" 163
"../../../Engine/Content/EditorMaterials/MatineeGroups/MAT_Groups_Director.uasset" 164
"../../../Engine/Content/EditorMaterials/MatineeGroups/MAT_Groups_Event.uasset" 165
"../../../Engine/Content/EditorMaterials/MatineeGroups/MAT_Groups_Fade.uasset" 166
"../../../Engine/Content/EditorMaterials/MatineeGroups/MAT_Groups_Float.uasset" 167
"../../../Engine/Content/EditorMaterials/MatineeGroups/MAT_Groups_Move.uasset" 168
"../../../Engine/Content/EditorMaterials/MatineeGroups/MAT_Groups_Slomo.uasset" 169
"../../../Engine/Content/EditorMaterials/MatineeGroups/MAT_Groups_Sound.uasset" 170
"../../../Engine/Content/EditorMaterials/MatineeGroups/MAT_Groups_Vector.uasset" 171
"../../../Engine/Content/EditorMaterials/ParticleSystems/PSysThumbnail_NoImage.uasset" 172
"../../../Engine/Content/EditorMaterials/ParticleSystems/PSysThumbnail_OOD.uasset" 173
"../../../Engine/Content/EditorMaterials/Camera/CineMat.uasset" 174
"../../../Engine/Content/EditorMaterials/Camera/MI_CineMat_Rig.uasset" 175
"../../../Engine/Content/EditorMeshes/Camera/SM_CraneRig_Arm.uasset" 176
"../../../Engine/Content/EditorMeshes/Camera/SM_CraneRig_Base.uasset" 177
"../../../Engine/Content/EditorMeshes/Camera/SM_CraneRig_Body.uasset" 178
"../../../Engine/Content/EditorMeshes/Camera/SM_CraneRig_Mount.uasset" 179
"../../../Engine/Content/EditorMeshes/Camera/SM_RailRig_Mount.uasset" 180
"../../../Engine/Content/EditorMeshes/Camera/SM_RailRig_Track.uasset" 181
"../../../Engine/Content/EditorResources/BSPVertex.uasset" 182
"../../../Engine/Content/EditorResources/EmptyActor.uasset" 183
"../../../Engine/Content/EditorResources/S_Actor.uasset" 184
"../../../Engine/Content/EditorResources/S_Trigger.uasset" 185
"../../../Engine/Content/EditorResources/AudioIcons/S_AudioComponent.uasset" 186
"../../../Engine/Content/EditorResources/AudioIcons/S_AudioComponent_AutoActivate.uasset" 187
"../../../Engine/Content/EditorResources/LightIcons/S_LightError.uasset" 188
"../../../Engine/Content/EditorResources/SequenceRecorder/Countdown.uasset" 189
"../../../Engine/Content/EditorResources/SequenceRecorder/RecordingIndicator.uasset" 190
"../../../Engine/Content/EditorSounds/Notifications/CompileFailed.uasset" 191
"../../../Engine/Content/EditorSounds/Notifications/CompileFailed_Cue.uasset" 192
"../../../Engine/Content/EditorSounds/Notifications/CompileSuccess.uasset" 193
"../../../Engine/Content/EditorSounds/Notifications/CompileStart_Cue.uasset" 194
"../../../Engine/Content/EditorSounds/Notifications/CompileSuccess_Cue.uasset" 195
"../../../Engine/Content/EngineDamageTypes/DmgTypeBP_Environmental.uasset" 196
"../../../Engine/Content/EngineDebugMaterials/HeatmapGradient.uasset" 197
"../../../Engine/Content/EngineDebugMaterials/BoneWeightMaterial.uasset" 198
"../../../Engine/Content/EngineDebugMaterials/ClothMaterial.uasset" 199
"../../../Engine/Content/EngineDebugMaterials/ClothMaterial_WF.uasset" 200
"../../../Engine/Content/EngineDebugMaterials/DebugEditorMaterial.uasset" 201
"../../../Engine/Content/EngineDebugMaterials/DebugMeshMaterial.uasset" 202
"../../../Engine/Content/EngineDebugMaterials/GeomMaterial.uasset" 203
"../../../Engine/Content/EngineFonts/Faces/RobotoBold.uasset" 204
"../../../Engine/Content/EngineFonts/Faces/RobotoBoldItalic.uasset" 205
"../../../Engine/Content/EngineFonts/Faces/RobotoItalic.uasset" 206
"../../../Engine/Content/EngineFonts/Faces/RobotoLight.uasset" 207
"../../../Engine/Content/EngineFonts/Faces/RobotoRegular.uasset" 208
"../../../Engine/Content/EngineFonts/Roboto.uasset" 209
"../../../Engine/Content/EngineFonts/Faces/RobotoTiny.uasset" 210
"../../../Engine/Content/EngineFonts/RobotoTiny.uasset" 211
"../../../Engine/Content/EngineMaterials/DefaultBloomKernel.uasset" 212
"../../../Engine/Content/EngineMaterials/DefaultBokeh.uasset" 213
"../../../Engine/Content/EngineMaterials/DefaultDiffuse.uasset" 214
"../../../Engine/Content/EngineMaterials/DefaultDeferredDecalMaterial.uasset" 215
"../../../Engine/Content/EngineMaterials/DefaultLightFunctionMaterial.uasset" 216
"../../../Engine/Content/EngineMaterials/DefaultPhysicalMaterial.uasset" 217
"../../../Engine/Content/Functions/Engine_MaterialFunctions02/Utility/BreakOutFloat2Components.uasset" 218
"../../../Engine/Content/EngineMaterials/DefaultPostProcessMaterial.uasset" 219
"../../../Engine/Content/EngineFonts/RobotoDistanceField.uasset" 220
"../../../Engine/Content/EngineMaterials/DefaultTextMaterialOpaque.uasset" 221
"../../../Engine/Content/EngineMaterials/DefaultWhiteGrid.uasset" 222
"../../../Engine/Content/EngineMaterials/EditorBrushMaterial.uasset" 223
"../../../Engine/Content/EngineMaterials/Good64x64TilingNoiseHighFreq.uasset" 224
"../../../Engine/Content/EngineMaterials/MiniFont.uasset" 225
"../../../Engine/Content/EngineMaterials/InvalidLightmapSettings.uasset" 226
"../../../Engine/Content/EngineMaterials/M_InvalidLightmapSettings.uasset" 227
"../../../Engine/Content/Functions/Engine_MaterialFunctions02/WorldPositionOffset/CameraOffset.uasset" 228
"../../../Engine/Content/EngineMaterials/PhAT_JointLimitMaterial.uasset" 229
"../../../Engine/Content/EngineMaterials/PreintegratedSkinBRDF.uasset" 230
"../../../Engine/Content/EngineMaterials/RemoveSurfaceMaterial.uasset" 231
"../../../Engine/Content/EngineMaterials/WeightMapPlaceholderTexture.uasset" 232
"../../../Engine/Content/EngineResources/WhiteSquareTexture.uasset" 233
"../../../Engine/Content/EngineMaterials/Widget3DPassThrough.uasset" 234
"../../../Engine/Content/EngineMaterials/Widget3DPassThrough_Masked.uasset" 235
"../../../Engine/Content/EngineMaterials/Widget3DPassThrough_Opaque.uasset" 236
"../../../Engine/Content/EngineMaterials/Widget3DPassThrough_Masked_OneSided.uasset" 237
"../../../Engine/Content/EngineMaterials/Widget3DPassThrough_Opaque_OneSided.uasset" 238
"../../../Engine/Content/EngineMaterials/Widget3DPassThrough_Translucent.uasset" 239
"../../../Engine/Content/EngineMaterials/Widget3DPassThrough_Translucent_OneSided.uasset" 240
"../../../Engine/Content/EngineMeshes/Cube.uasset" 241
"../../../Engine/Content/EngineMeshes/Cylinder.uasset" 242
"../../../Engine/Content/EngineMeshes/Sphere.uasset" 243
"../../../Engine/Content/EngineResources/Black.uasset" 244
"../../../Engine/Content/EngineResources/DefaultTexture.uasset" 245
"../../../Engine/Content/EngineResources/DefaultTextureCube.uasset" 246
"../../../Engine/Content/EngineResources/GradientTexture0.uasset" 247
"../../../Engine/Content/EngineSounds/Master.uasset" 248
"../../../Engine/Content/Functions/Engine_MaterialFunctions01/Shading/ConvertFromDiffSpec.uasset" 249
"../../../Engine/Content/Functions/Engine_MaterialFunctions01/Shading/PowerToRoughness.uasset" 250
"../../../Engine/Content/Maps/Templates/Thumbnails/Default.uasset" 251
"../../../Engine/Content/Maps/Templates/Thumbnails/VR-Basic.uasset" 252
"../../../Engine/Content/MobileResources/T_MobileControls_texture.uasset" 253
"../../../Engine/Content/MobileResources/T_MobileMenu2.uasset" 254
"../../../Engine/Content/MobileResources/HUD/AnalogHat.uasset" 255
"../../../Engine/Content/MobileResources/HUD/VirtualJoystick_Background.uasset" 256
"../../../Engine/Content/MobileResources/HUD/VirtualJoystick_Thumb.uasset" 257
"../../../Engine/Content/MobileResources/HUD/DefaultVirtualJoysticks.uasset" 258
"../../../Engine/Content/MobileResources/HUD/LeftVirtualJoystickOnly.uasset" 259
"../../../Engine/Content/MobileResources/HUD/MobileHUDButton1_off.uasset" 260
"../../../Engine/Content/MobileResources/HUD/MobileHUDButton1_on.uasset" 261
"../../../Engine/Content/MobileResources/HUD/MobileHUDButton2_off.uasset" 262
"../../../Engine/Content/MobileResources/HUD/MobileHUDButton2_on.uasset" 263
"../../../Engine/Content/MobileResources/HUD/MobileHUDButton3.uasset" 264
"../../../Engine/Content/MobileResources/HUD/MobileHUDButtonFire.uasset" 265
"../../../Engine/Content/MobileResources/HUD/MobileHUDDirectionPad.uasset" 266
"../../../Engine/Content/MobileResources/HUD/MobileHUDDirectionPad2.uasset" 267
"../../../Engine/Content/MobileResources/HUD/MobileHUDDirectionPad3.uasset" 268
"../../../Engine/Content/MobileResources/HUD/MobileHUDDirectionStick.uasset" 269
"../../../Engine/Content/MobileResources/HUD/T_Castle_ThumbstickInner.uasset" 270
"../../../Engine/Content/MobileResources/HUD/T_Castle_ThumbstickOutter.uasset" 271
"../../../Engine/Content/Tutorial/ContentIntroCurve.uasset" 272
"../../../Engine/Content/Tutorial/Basics/TutorialAssets/icon_tab_Levels_40x.uasset" 273
"../../../Engine/Content/Tutorial/BlueprintTutorials/TutorialAssets/BlueprintInterface_64x.uasset" 274
"../../../Engine/Content/Tutorial/BlueprintTutorials/TutorialAssets/BlueprintMacroLibrary_64x.uasset" 275
"../../../Engine/Content/Tutorial/BlueprintTutorials/TutorialAssets/Blueprint_64x.uasset" 276
"../../../Engine/Content/Tutorial/BlueprintTutorials/TutorialAssets/Tutorial_BP_Interface.uasset" 277
"../../../Engine/Content/Tutorial/Foliage/TutorialAssets/Foliage.uasset" 278
"../../../Engine/Content/Tutorial/Landscape/TutorialAssets/Landscape.uasset" 279
"../../../Engine/Content/Tutorial/Paper2D/TutorialAssets/Paper2DFlipbook_TutorialIcon.uasset" 280
"../../../Engine/Content/Tutorial/Paper2D/TutorialAssets/Paper2DSprite_TutorialIcon.uasset" 281
"../../../Engine/Content/Tutorial/SubEditors/TutorialAssets/icon_Editor_Preferences_General_40x.uasset" 282
"../../../Engine/Content/Tutorial/SubEditors/TutorialAssets/icon_ShowSkeletalMeshes_40x.uasset" 283
"../../../Engine/Content/Tutorial/SubEditors/TutorialAssets/TutorialMaterial.uasset" 284
"../../../Engine/Content/Tutorial/SubEditors/TutorialAssets/T_SmokeSubUV_8X8.uasset" 285
"../../../Engine/Content/Tutorial/SubEditors/TutorialAssets/T_soft_smoke.uasset" 286
"../../../Engine/Content/Tutorial/SubEditors/TutorialAssets/M_smoke_subUV_blackbody.uasset" 287
"../../../Engine/Content/Tutorial/SubEditors/TutorialAssets/TutorialParticleSystem.uasset" 288
"../../../Engine/Content/VREditor/Devices/Generic/GenericHMDMaterial.uasset" 289
"../../../Engine/Content/VREditor/Devices/Generic/GenericHMD.uasset" 290
"../../../Engine/Content/Functions/Engine_MaterialFunctions02/Utility/BreakOutFloat3Components.uasset" 291
"../../../Engine/Content/VREditor/Devices/Vive/VivePreController_MasksB.uasset" 292
"../../../Engine/Content/VREditor/Devices/Oculus/OculusControllerMaterial.uasset" 293
"../../../Engine/Content/VREditor/Devices/Oculus/OculusControllerMaterial_Inst.uasset" 294
"../../../Engine/Content/VREditor/Devices/Oculus/OculusControllerMesh.uasset" 295
"../../../Engine/Content/VREditor/Devices/Vive/T_VivePreController_EM.uasset" 296
"../../../Engine/Content/VREditor/Devices/Vive/VivePreController_MasksA.uasset" 297
"../../../Engine/Content/VREditor/Devices/Vive/VivePreControllerDiffuse.uasset" 298
"../../../Engine/Content/VREditor/Devices/Vive/VivePreControllerSpec.uasset" 299
"../../../Engine/Content/VREditor/LaserPointer/VR_LaserPower_01.uasset" 300
"../../../Engine/Content/VREditor/Devices/Vive/VivePreControllerMaterial.uasset" 301
"../../../Engine/Content/VREditor/Devices/Vive/VivePreControllerMaterial_Inst.uasset" 302
"../../../Engine/Content/VREditor/Devices/Vive/VivePreControllerMesh.uasset" 303
"../../../Engine/Content/VREditor/FloatingText/LineMaterial.uasset" 304
"../../../Engine/Content/VREditor/FloatingText/JointSphere.uasset" 305
"../../../Engine/Content/VREditor/FloatingText/LineSegmentCylinder.uasset" 306
"../../../Engine/Content/VREditor/Fonts/VRText_RobotoLarge.uasset" 307
"../../../Engine/Content/VREditor/Fonts/VRTextMaterial.uasset" 308
"../../../Engine/Content/VREditor/Fonts/TranslucentVRTextMaterial.uasset" 309
"../../../Engine/Content/VREditor/LaserPointer/CursorPointer.uasset" 310
"../../../Engine/Content/VREditor/TransformGizmo/TransformGizmoMaterial.uasset" 311
"../../../Engine/Content/VREditor/LaserPointer/HoverMaterial.uasset" 312
"../../../Engine/Content/VREditor/TransformGizmo/TranslucentTransformGizmoMaterial.uasset" 313
"../../../Engine/Content/VREditor/LaserPointer/TranslucentHoverMaterial.uasset" 314
"../../../Engine/Content/VREditor/LaserPointer/HoverMesh.uasset" 315
"../../../Engine/Content/VREditor/LaserPointer/LaserPointerMaterial.uasset" 316
"../../../Engine/Content/VREditor/LaserPointer/LaserPointerMaterialInst.uasset" 317
"../../../Engine/Content/VREditor/LaserPointer/TranslucentLaserPointerMaterialInst.uasset" 318
"../../../Engine/Content/VREditor/LaserPointer/LaserPointerMesh.uasset" 319
"../../../Engine/Content/VREditor/LaserPointer/LaserPointerMesh_End.uasset" 320
"../../../Engine/Content/VREditor/LaserPointer/LaserPointerMesh_Start.uasset" 321
"../../../Engine/Content/VREditor/Sounds/VR_teleport.uasset" 322
"../../../Engine/Content/VREditor/Sounds/UI/Click_on_Button.uasset" 323
"../../../Engine/Content/VREditor/Sounds/UI/Click_on_Button_Cue.uasset" 324
"../../../Engine/Content/VREditor/Sounds/UI/Dockable_Window_Close.uasset" 325
"../../../Engine/Content/VREditor/Sounds/UI/Dockable_Window_Drop.uasset" 326
"../../../Engine/Content/VREditor/Sounds/UI/Dockable_Window_Open.uasset" 327
"../../../Engine/Content/VREditor/Sounds/UI/Dockable_Window_Pick_Up.uasset" 328
"../../../Engine/Content/VREditor/Sounds/UI/Drop_Item_From_ContentBrowser.uasset" 329
"../../../Engine/Content/VREditor/Sounds/UI/Floating_UI_Open-001.uasset" 330
"../../../Engine/Content/VREditor/Sounds/UI/Radial_Menu_FadeOut.uasset" 331
"../../../Engine/Content/VREditor/Sounds/UI/Teleport_Mode_Entered.uasset" 332
"../../../Engine/Content/VREditor/Teleport/TeleportDirectionMaterial.uasset" 333
"../../../Engine/Content/VREditor/Teleport/TeleportDirectionMaterial_Inst.uasset" 334
"../../../Engine/Content/VREditor/Teleport/TeleportDirectionMesh.uasset" 335
"../../../Engine/Content/VREditor/TransformGizmo/BoundingBoxCorner.uasset" 336
"../../../Engine/Content/VREditor/TransformGizmo/BoundingBoxEdge.uasset" 337
"../../../Engine/Content/VREditor/TransformGizmo/PlaneTranslationHandle.uasset" 338
"../../../Engine/Content/VREditor/TransformGizmo/Main.uasset" 339
"../../../Engine/Content/VREditor/TransformGizmo/Xray.uasset" 340
"../../../Engine/Content/VREditor/TransformGizmo/SM_Dialog_Close.uasset" 341
"../../../Engine/Content/VREditor/TransformGizmo/SM_Dialog_Move.uasset" 342
"../../../Engine/Content/VREditor/TransformGizmo/SM_Sequencer_Key.uasset" 343
"../../../Engine/Content/VREditor/TransformGizmo/SM_Sequencer_Node.uasset" 344
"../../../Engine/Content/VREditor/TransformGizmo/TransformGizmoMaterial_Inst.uasset" 345
"../../../Engine/Content/VREditor/TransformGizmo/TranslucentTransformGizmoMaterial_Inst.uasset" 346
"../../../Engine/Content/VREditor/Devices/Vive/UE4_Logo.uasset" 347
"../../../Engine/Content/VREditor/UI/M_ContentWindow.uasset" 348
"../../../Engine/Content/VREditor/UI/SM_ContentWindow_01.uasset" 349
"../../../Engine/Content/VREditor/UI/KeyDiskMaterial.uasset" 350
"../../../Engine/Content/VREditor/UI/DiscMaterial.uasset" 351
"../../../Engine/Content/VREditor/UI/SM_Radial_Disk.uasset" 352
"../../../Engine/Content/VREditor/UI/ArrowMaterial.uasset" 353
"../../../Engine/Content/VREditor/UI/SM_Radial_Pointer.uasset" 354
"../../../Engine/Content/VREditor/WorldMovementGrid/SimpleGrid.uasset" 355
"../../../Engine/Content/VREditor/WorldMovementGrid/GridMaterial.uasset" 356
"../../../Engine/Content/Functions/Engine_MaterialFunctions01/Density/ExponentialDensity.uasset" 357
"../../../Engine/Content/VREditor/WorldMovementGrid/GridPostProcess.uasset" 358
"../../../Engine/Content/EditorLandscapeResources/FlattenHeightMat.uasset" 359
"../../../Engine/Content/VREditor/WorldMovementGrid/PlaneMesh.uasset" 360
"../../Plugins/2D/Paper2D/Content/PlaceholderTextures/DummySpriteTexture.uasset" 361
"../../Plugins/2D/Paper2D/Content/DummySprite.uasset" 362
"../../Plugins/2D/Paper2D/Content/DefaultPaperTerrainMaterial.uasset" 363
"../../Plugins/2D/Paper2D/Content/DefaultSpriteMaterial.uasset" 364
"../../Plugins/2D/Paper2D/Content/MaskedUnlitSpriteMaterial.uasset" 365
"../../Plugins/2D/Paper2D/Content/OpaqueUnlitSpriteMaterial.uasset" 366
"../../Plugins/Media/MediaCompositing/Content/DefaultMediaPlaneTexture.uasset" 367
"../../Plugins/Media/MediaCompositing/Content/DefaultMediaPlaneMaterial.uasset" 368
"../../../Engine/Content/Functions/Engine_MaterialFunctions02/Utility/MakeFloat4.uasset" 369
"../../Plugins/Runtime/AppleARKit/Content/ARKitCameraMaterial.uasset" 370
"../../Plugins/Runtime/Oculus/OculusVR/Content/Textures/GearVRController_AO.uasset" 371
"../../Plugins/Runtime/Oculus/OculusVR/Content/Textures/GearVRController_Color.uasset" 372
"../../Plugins/Runtime/Oculus/OculusVR/Content/Textures/GearVRController_Normal.uasset" 373
"../../Plugins/Runtime/Oculus/OculusVR/Content/Materials/GearVRControllerMaterial.uasset" 374
"../../Plugins/Runtime/Oculus/OculusVR/Content/Meshes/GearVrController.uasset" 375
"../../../../../Documents/GitHub/ShadowStep/ShadowStep/Content/StarterContent/Blueprints/Assets/FogBrightnessLUT.uasset" 376
"../../../../../Documents/GitHub/ShadowStep/ShadowStep/Content/StarterContent/Blueprints/Assets/SunlightColorLUT.uasset" 377
"../../../../../Documents/GitHub/ShadowStep/ShadowStep/Content/StarterContent/Blueprints/Assets/M_LightStage_Arrows.uasset" 378
"../../../Engine/Content/MapTemplates/Sky/DaylightAmbientCubemap.uasset" 379
"../../../../../Documents/GitHub/ShadowStep/ShadowStep/Content/StarterContent/Blueprints/Assets/M_LightStage_Skybox_Master.uasset" 380
"../../../../../Documents/GitHub/ShadowStep/ShadowStep/Content/StarterContent/Blueprints/Assets/M_LightStage_Skybox_Black.uasset" 381
"../../../../../Documents/GitHub/ShadowStep/ShadowStep/Content/StarterContent/Blueprints/Assets/M_LightStage_Skybox_HDRI.uasset" 382
"../../../Engine/Content/EditorMaterials/Thumbnails/SkySphereMaterial.uasset" 383
"../../../../../Documents/GitHub/ShadowStep/ShadowStep/Content/StarterContent/Blueprints/Assets/Skybox.uasset" 384
"../../../../../Documents/GitHub/ShadowStep/ShadowStep/Content/StarterContent/Blueprints/Assets/SM_Arrows.uasset" 385
"../../../../../Documents/GitHub/ShadowStep/ShadowStep/Content/StarterContent/HDRI/HDRI_Epic_Courtyard_Daylight.uasset" 386
"../../../../../Documents/GitHub/ShadowStep/ShadowStep/Content/StarterContent/Blueprints/BP_LightStudio.uasset" 387
"../../../../../Documents/GitHub/ShadowStep/ShadowStep/Content/StarterContent/Maps/Advanced_Lighting_BuiltData.uasset" 388
"../../../../../Documents/GitHub/ShadowStep/ShadowStep/Content/StarterContent/Materials/M_AssetPlatform.uasset" 389
"../../../Engine/Content/EditorMeshes/ColorCalibrator/M_ChromeBall.uasset" 390
"../../../Engine/Content/EditorMeshes/ColorCalibrator/M_ClearCoat.uasset" 391
"../../../Engine/Content/EditorMeshes/ColorCalibrator/M_ClearCoatBlack.uasset" 392
"../../../Engine/Content/EditorMeshes/ColorCalibrator/Color_checker.uasset" 393
"../../../Engine/Content/EditorMeshes/ColorCalibrator/M_ColorGrid.uasset" 394
"../../../Engine/Content/EditorMeshes/ColorCalibrator/M_GreyBall.uasset" 395
"../../../Engine/Content/EditorMeshes/ColorCalibrator/SM_ColorCalibrator.uasset" 396
"../../../../../Documents/GitHub/ShadowStep/ShadowStep/Content/StarterContent/Architecture/SM_AssetPlatform.uasset" 397
"../../../../../Documents/GitHub/ShadowStep/ShadowStep/Content/StarterContent/Maps/Advanced_Lighting.umap" 398
"../../../Engine/Content/EngineSky/C_Sky_Cloud_Color.uasset" 399
"../../../Engine/Content/EngineSky/C_Sky_Horizon_Color.uasset" 400
"../../../Engine/Content/EngineSky/C_Sky_Zenith_Color.uasset" 401
"../../../Engine/Content/EngineSky/T_Sky_Blue.uasset" 402
"../../../Engine/Content/EngineSky/T_Sky_Clouds_M.uasset" 403
"../../../Engine/Content/EngineSky/T_Sky_Stars.uasset" 404
"../../../Engine/Content/EngineSky/M_Sky_Panning_Clouds2.uasset" 405
"../../../Engine/Content/EngineSky/SM_SkySphere.uasset" 406
"../../../Engine/Content/EngineSky/BP_Sky_Sphere.uasset" 407
"../../../../../Documents/GitHub/ShadowStep/ShadowStep/Content/StarterContent/Maps/Minimal_Default_BuiltData.uasset" 408
"../../../../../Documents/GitHub/ShadowStep/ShadowStep/Content/StarterContent/Textures/T_MacroVariation.uasset" 409
"../../../../../Documents/GitHub/ShadowStep/ShadowStep/Content/StarterContent/Materials/M_Metal_Brushed_Nickel.uasset" 410
"../../../../../Documents/GitHub/ShadowStep/ShadowStep/Content/StarterContent/Textures/T_Metal_Aluminum_D.uasset" 411
"../../../../../Documents/GitHub/ShadowStep/ShadowStep/Content/StarterContent/Textures/T_Metal_Gold_N.uasset" 412
"../../../../../Documents/GitHub/ShadowStep/ShadowStep/Content/StarterContent/Materials/M_Metal_Burnished_Steel.uasset" 413
"../../../../../Documents/GitHub/ShadowStep/ShadowStep/Content/StarterContent/Textures/T_Metal_Copper_D.uasset" 414
"../../../../../Documents/GitHub/ShadowStep/ShadowStep/Content/StarterContent/Materials/M_Metal_Copper.uasset" 415
"../../../../../Documents/GitHub/ShadowStep/ShadowStep/Content/StarterContent/Textures/T_Statue_M.uasset" 416
"../../../../../Documents/GitHub/ShadowStep/ShadowStep/Content/StarterContent/Textures/T_Statue_N.uasset" 417
"../../../../../Documents/GitHub/ShadowStep/ShadowStep/Content/StarterContent/Props/Materials/M_StatueGlass.uasset" 418
"../../../../../Documents/GitHub/ShadowStep/ShadowStep/Content/StarterContent/Architecture/Floor_400x400.uasset" 419
"../../../../../Documents/GitHub/ShadowStep/ShadowStep/Content/StarterContent/Audio/Starter_Background_Cue.uasset" 420
"../../../../../Documents/GitHub/ShadowStep/ShadowStep/Content/StarterContent/Props/SM_Chair.uasset" 421
"../../../../../Documents/GitHub/ShadowStep/ShadowStep/Content/StarterContent/Props/Materials/M_Statue.uasset" 422
"../../../../../Documents/GitHub/ShadowStep/ShadowStep/Content/StarterContent/Props/SM_Statue.uasset" 423
"../../../../../Documents/GitHub/ShadowStep/ShadowStep/Content/StarterContent/Textures/T_TableRound_M.uasset" 424
"../../../../../Documents/GitHub/ShadowStep/ShadowStep/Content/StarterContent/Textures/T_TableRound_N.uasset" 425
"../../../../../Documents/GitHub/ShadowStep/ShadowStep/Content/StarterContent/Props/Materials/M_TableRound.uasset" 426
"../../../../../Documents/GitHub/ShadowStep/ShadowStep/Content/StarterContent/Props/SM_TableRound.uasset" 427
"../../../../../Documents/GitHub/ShadowStep/ShadowStep/Content/StarterContent/Maps/Minimal_Default.umap" 428
"../../../../../Documents/GitHub/ShadowStep/ShadowStep/Content/StarterContent/Audio/Fire01_Cue.uasset" 429
"../../../../../Documents/GitHub/ShadowStep/ShadowStep/Content/StarterContent/Textures/T_Fire_SubUV.uasset" 430
"../../../../../Documents/GitHub/ShadowStep/ShadowStep/Content/StarterContent/Textures/T_Fire_Tiled_D.uasset" 431
"../../../../../Documents/GitHub/ShadowStep/ShadowStep/Content/StarterContent/Particles/Materials/M_Fire_SubUV.uasset" 432
"../../../../../Documents/GitHub/ShadowStep/ShadowStep/Content/StarterContent/Textures/T_Water_N.uasset" 433
"../../../../../Documents/GitHub/ShadowStep/ShadowStep/Content/StarterContent/Particles/Materials/M_Heat_Distortion.uasset" 434
"../../../../../Documents/GitHub/ShadowStep/ShadowStep/Content/StarterContent/Particles/Materials/M_Radial_Gradient.uasset" 435
"../../../../../Documents/GitHub/ShadowStep/ShadowStep/Content/StarterContent/Particles/P_Fire.uasset" 436
"../../../../../Documents/GitHub/ShadowStep/ShadowStep/Content/StarterContent/Blueprints/Blueprint_Effect_Fire.uasset" 437
"../../../../../Documents/GitHub/ShadowStep/ShadowStep/Content/StarterContent/Audio/Smoke01_Cue.uasset" 438
"../../../../../Documents/GitHub/ShadowStep/ShadowStep/Content/StarterContent/Particles/P_Smoke.uasset" 439
"../../../../../Documents/GitHub/ShadowStep/ShadowStep/Content/StarterContent/Blueprints/Blueprint_Effect_Smoke.uasset" 440
"../../../../../Documents/GitHub/ShadowStep/ShadowStep/Content/StarterContent/Audio/Fire_Sparks01_Cue.uasset" 441
"../../../../../Documents/GitHub/ShadowStep/ShadowStep/Content/StarterContent/Textures/T_Spark_Core.uasset" 442
"../../../../../Documents/GitHub/ShadowStep/ShadowStep/Content/StarterContent/Particles/Materials/M_Spark.uasset" 443
"../../../../../Documents/GitHub/ShadowStep/ShadowStep/Content/StarterContent/Particles/P_Sparks.uasset" 444
"../../../../../Documents/GitHub/ShadowStep/ShadowStep/Content/StarterContent/Blueprints/Blueprint_Effect_Sparks.uasset" 445
"../../../../../Documents/GitHub/ShadowStep/ShadowStep/Content/StarterContent/Audio/Steam01_Cue.uasset" 446
"../../../../../Documents/GitHub/ShadowStep/ShadowStep/Content/StarterContent/Particles/P_Steam_Lit.uasset" 447
"../../../../../Documents/GitHub/ShadowStep/ShadowStep/Content/StarterContent/Blueprints/Blueprint_Effect_Steam.uasset" 448
"../../../../../Documents/GitHub/ShadowStep/ShadowStep/Content/StarterContent/Textures/T_Lamp_M.uasset" 449
"../../../../../Documents/GitHub/ShadowStep/ShadowStep/Content/StarterContent/Textures/T_Lamp_N.uasset" 450
"../../../../../Documents/GitHub/ShadowStep/ShadowStep/Content/StarterContent/Props/Materials/M_Lamp.uasset" 451
"../../../../../Documents/GitHub/ShadowStep/ShadowStep/Content/StarterContent/Props/SM_Lamp_Ceiling.uasset" 452
"../../../../../Documents/GitHub/ShadowStep/ShadowStep/Content/StarterContent/Blueprints/Blueprint_CeilingLight.uasset" 453
"../../../../../Documents/GitHub/ShadowStep/ShadowStep/Content/StarterContent/Props/SM_Lamp_Wall.uasset" 454
"../../../../../Documents/GitHub/ShadowStep/ShadowStep/Content/StarterContent/Blueprints/Blueprint_WallSconce.uasset" 455
"../../../../../Documents/GitHub/ShadowStep/ShadowStep/Content/StarterContent/Maps/StarterMap_BuiltData.uasset" 456
"../../../Engine/Content/Functions/Engine_MaterialFunctions03/Procedurals/ComputeFilterWidth.uasset" 457
"../../../Engine/Content/EngineMaterials/AntiAliasedTextMaterialTranslucent.uasset" 458
"../../../../../Documents/GitHub/ShadowStep/ShadowStep/Content/StarterContent/Textures/T_Brick_Clay_Beveled_D.uasset" 459
"../../../../../Documents/GitHub/ShadowStep/ShadowStep/Content/StarterContent/Textures/T_Brick_Clay_Beveled_M.uasset" 460
"../../../../../Documents/GitHub/ShadowStep/ShadowStep/Content/StarterContent/Textures/T_Brick_Clay_Beveled_N.uasset" 461
"../../../../../Documents/GitHub/ShadowStep/ShadowStep/Content/StarterContent/Materials/M_Brick_Clay_Beveled.uasset" 462
"../../../../../Documents/GitHub/ShadowStep/ShadowStep/Content/StarterContent/Textures/T_Brick_Clay_New_D.uasset" 463
"../../../../../Documents/GitHub/ShadowStep/ShadowStep/Content/StarterContent/Textures/T_Brick_Clay_New_M.uasset" 464
"../../../../../Documents/GitHub/ShadowStep/ShadowStep/Content/StarterContent/Textures/T_Brick_Clay_New_N.uasset" 465
"../../../../../Documents/GitHub/ShadowStep/ShadowStep/Content/StarterContent/Materials/M_Brick_Clay_New.uasset" 466
"../../../../../Documents/GitHub/ShadowStep/ShadowStep/Content/StarterContent/Textures/T_Brick_Clay_Old_D.uasset" 467
"../../../../../Documents/GitHub/ShadowStep/ShadowStep/Content/StarterContent/Textures/T_Brick_Clay_Old_N.uasset" 468
"../../../../../Documents/GitHub/ShadowStep/ShadowStep/Content/StarterContent/Textures/T_Perlin_Noise_M.uasset" 469
"../../../../../Documents/GitHub/ShadowStep/ShadowStep/Content/StarterContent/Materials/M_Brick_Clay_Old.uasset" 470
"../../../../../Documents/GitHub/ShadowStep/ShadowStep/Content/StarterContent/Textures/T_Brick_Cut_Stone_D.uasset" 471
"../../../../../Documents/GitHub/ShadowStep/ShadowStep/Content/StarterContent/Textures/T_Brick_Cut_Stone_N.uasset" 472
"../../../../../Documents/GitHub/ShadowStep/ShadowStep/Content/StarterContent/Materials/M_Brick_Cut_Stone.uasset" 473
"../../../../../Documents/GitHub/ShadowStep/ShadowStep/Content/StarterContent/Textures/T_Brick_Hewn_Stone_D.uasset" 474
"../../../../../Documents/GitHub/ShadowStep/ShadowStep/Content/StarterContent/Textures/T_Brick_Hewn_Stone_M.uasset" 475
"../../../../../Documents/GitHub/ShadowStep/ShadowStep/Content/StarterContent/Textures/T_Brick_Hewn_Stone_N.uasset" 476
"../../../../../Documents/GitHub/ShadowStep/ShadowStep/Content/StarterContent/Materials/M_Brick_Hewn_Stone.uasset" 477
"../../../../../Documents/GitHub/ShadowStep/ShadowStep/Content/StarterContent/Textures/T_Ceramic_Tile_M.uasset" 478
"../../../../../Documents/GitHub/ShadowStep/ShadowStep/Content/StarterContent/Textures/T_Ceramic_Tile_N.uasset" 479
"../../../../../Documents/GitHub/ShadowStep/ShadowStep/Content/StarterContent/Textures/T_Rock_Marble_Polished_D.uasset" 480
"../../../../../Documents/GitHub/ShadowStep/ShadowStep/Content/StarterContent/Materials/M_Ceramic_Tile_Checker.uasset" 481
"../../../../../Documents/GitHub/ShadowStep/ShadowStep/Content/StarterContent/Textures/T_CobbleStone_Pebble_D.uasset" 482
"../../../../../Documents/GitHub/ShadowStep/ShadowStep/Content/StarterContent/Textures/T_CobbleStone_Pebble_M.uasset" 483
"../../../../../Documents/GitHub/ShadowStep/ShadowStep/Content/StarterContent/Textures/T_CobbleStone_Pebble_N.uasset" 484
"../../../../../Documents/GitHub/ShadowStep/ShadowStep/Content/StarterContent/Materials/M_CobbleStone_Pebble.uasset" 485
"../../../../../Documents/GitHub/ShadowStep/ShadowStep/Content/StarterContent/Textures/T_CobbleStone_Rough_D.uasset" 486
"../../../../../Documents/GitHub/ShadowStep/ShadowStep/Content/StarterContent/Textures/T_CobbleStone_Rough_N.uasset" 487
"../../../../../Documents/GitHub/ShadowStep/ShadowStep/Content/StarterContent/Textures/T_Gradinet_01.uasset" 488
"../../../../../Documents/GitHub/ShadowStep/ShadowStep/Content/StarterContent/Textures/T_Rock_Smooth_Granite_D.uasset" 489
"../../../../../Documents/GitHub/ShadowStep/ShadowStep/Content/StarterContent/Materials/M_CobbleStone_Rough.uasset" 490
"../../../../../Documents/GitHub/ShadowStep/ShadowStep/Content/StarterContent/Textures/T_CobbleStone_Smooth_D.uasset" 491
"../../../../../Documents/GitHub/ShadowStep/ShadowStep/Content/StarterContent/Textures/T_CobbleStone_Smooth_M.uasset" 492
"../../../../../Documents/GitHub/ShadowStep/ShadowStep/Content/StarterContent/Textures/T_CobbleStone_Smooth_N.uasset" 493
"../../../../../Documents/GitHub/ShadowStep/ShadowStep/Content/StarterContent/Materials/M_CobbleStone_Smooth.uasset" 494
"../../../../../Documents/GitHub/ShadowStep/ShadowStep/Content/StarterContent/Textures/T_Concrete_Grime_D.uasset" 495
"../../../../../Documents/GitHub/ShadowStep/ShadowStep/Content/StarterContent/Textures/T_Metal_Rust_N.uasset" 496
"../../../../../Documents/GitHub/ShadowStep/ShadowStep/Content/StarterContent/Materials/M_Concrete_Grime.uasset" 497
"../../../../../Documents/GitHub/ShadowStep/ShadowStep/Content/StarterContent/Textures/T_Concrete_Panels_D.uasset" 498
"../../../../../Documents/GitHub/ShadowStep/ShadowStep/Content/StarterContent/Textures/T_Concrete_Panels_N.uasset" 499
"../../../../../Documents/GitHub/ShadowStep/ShadowStep/Content/StarterContent/Materials/M_Concrete_Panels.uasset" 500
"../../../../../Documents/GitHub/ShadowStep/ShadowStep/Content/StarterContent/Textures/T_Concrete_Poured_D.uasset" 501
"../../../../../Documents/GitHub/ShadowStep/ShadowStep/Content/StarterContent/Textures/T_Concrete_Poured_N.uasset" 502
"../../../../../Documents/GitHub/ShadowStep/ShadowStep/Content/StarterContent/Materials/M_Concrete_Poured.uasset" 503
"../../../../../Documents/GitHub/ShadowStep/ShadowStep/Content/StarterContent/Textures/T_Concrete_Tiles_D.uasset" 504
"../../../../../Documents/GitHub/ShadowStep/ShadowStep/Content/StarterContent/Textures/T_Concrete_Tiles_M.uasset" 505
"../../../../../Documents/GitHub/ShadowStep/ShadowStep/Content/StarterContent/Textures/T_Concrete_Tiles_N.uasset" 506
"../../../../../Documents/GitHub/ShadowStep/ShadowStep/Content/StarterContent/Textures/T_Concrete_Tiles_Variation_M.uasset" 507
"../../../../../Documents/GitHub/ShadowStep/ShadowStep/Content/StarterContent/Materials/M_Concrete_Tiles.uasset" 508
"../../../../../Documents/GitHub/ShadowStep/ShadowStep/Content/StarterContent/Textures/T_Ground_Grass_D.uasset" 509
"../../../../../Documents/GitHub/ShadowStep/ShadowStep/Content/StarterContent/Textures/T_Ground_Grass_N.uasset" 510
"../../../../../Documents/GitHub/ShadowStep/ShadowStep/Content/StarterContent/Materials/M_Ground_Grass.uasset" 511
"../../../../../Documents/GitHub/ShadowStep/ShadowStep/Content/StarterContent/Textures/T_Ground_Gravel_D.uasset" 512
"../../../../../Documents/GitHub/ShadowStep/ShadowStep/Content/StarterContent/Textures/T_Ground_Gravel_N.uasset" 513
"../../../../../Documents/GitHub/ShadowStep/ShadowStep/Content/StarterContent/Materials/M_Ground_Gravel.uasset" 514
"../../../../../Documents/GitHub/ShadowStep/ShadowStep/Content/StarterContent/Textures/T_ground_Moss_D.uasset" 515
"../../../../../Documents/GitHub/ShadowStep/ShadowStep/Content/StarterContent/Textures/T_Ground_Moss_N.uasset" 516
"../../../../../Documents/GitHub/ShadowStep/ShadowStep/Content/StarterContent/Materials/M_Ground_Moss.uasset" 517
"../../../../../Documents/GitHub/ShadowStep/ShadowStep/Content/StarterContent/Materials/M_Metal_Chrome.uasset" 518
"../../../../../Documents/GitHub/ShadowStep/ShadowStep/Content/StarterContent/Textures/T_Metal_Gold_D.uasset" 519
"../../../../../Documents/GitHub/ShadowStep/ShadowStep/Content/StarterContent/Materials/M_Metal_Gold.uasset" 520
"../../../../../Documents/GitHub/ShadowStep/ShadowStep/Content/StarterContent/Textures/T_Metal_Rust_D.uasset" 521
"../../../../../Documents/GitHub/ShadowStep/ShadowStep/Content/StarterContent/Materials/M_Metal_Rust.uasset" 522
"../../../../../Documents/GitHub/ShadowStep/ShadowStep/Content/StarterContent/Textures/T_Metal_Steel_D.uasset" 523
"../../../../../Documents/GitHub/ShadowStep/ShadowStep/Content/StarterContent/Textures/T_Metal_Steel_N.uasset" 524
"../../../../../Documents/GitHub/ShadowStep/ShadowStep/Content/StarterContent/Materials/M_Metal_Steel.uasset" 525
"../../../../../Documents/GitHub/ShadowStep/ShadowStep/Content/StarterContent/Textures/T_Rock_Basalt_N.uasset" 526
"../../../../../Documents/GitHub/ShadowStep/ShadowStep/Content/StarterContent/Materials/M_Rock_Basalt.uasset" 527
"../../../../../Documents/GitHub/ShadowStep/ShadowStep/Content/StarterContent/Materials/M_Rock_Marble_Polished.uasset" 528
"../../../../../Documents/GitHub/ShadowStep/ShadowStep/Content/StarterContent/Textures/T_Rock_Sandstone_D.uasset" 529
"../../../../../Documents/GitHub/ShadowStep/ShadowStep/Content/StarterContent/Textures/T_Rock_Sandstone_N.uasset" 530
"../../../../../Documents/GitHub/ShadowStep/ShadowStep/Content/StarterContent/Materials/M_Rock_Sandstone.uasset" 531
"../../../../../Documents/GitHub/ShadowStep/ShadowStep/Content/StarterContent/Textures/T_Rock_Slate_D.uasset" 532
"../../../../../Documents/GitHub/ShadowStep/ShadowStep/Content/StarterContent/Textures/T_Rock_Slate_N.uasset" 533
"../../../../../Documents/GitHub/ShadowStep/ShadowStep/Content/StarterContent/Materials/M_Rock_Slate.uasset" 534
"../../../../../Documents/GitHub/ShadowStep/ShadowStep/Content/StarterContent/Textures/T_Checker_Noise_M.uasset" 535
"../../../../../Documents/GitHub/ShadowStep/ShadowStep/Content/StarterContent/Textures/T_Single_Tile_N.uasset" 536
"../../../../../Documents/GitHub/ShadowStep/ShadowStep/Content/StarterContent/Textures/T_Tech_Dot_M.uasset" 537
"../../../../../Documents/GitHub/ShadowStep/ShadowStep/Content/StarterContent/Textures/T_Tech_Dot_N.uasset" 538
"../../../../../Documents/GitHub/ShadowStep/ShadowStep/Content/StarterContent/Materials/M_Tech_Checker_Dot.uasset" 539
"../../../../../Documents/GitHub/ShadowStep/ShadowStep/Content/StarterContent/Textures/T_Tech_Hex_Tile_M.uasset" 540
"../../../../../Documents/GitHub/ShadowStep/ShadowStep/Content/StarterContent/Textures/T_Tech_Hex_Tile_N.uasset" 541
"../../../../../Documents/GitHub/ShadowStep/ShadowStep/Content/StarterContent/Materials/M_Tech_Hex_Tile.uasset" 542
"../../../../../Documents/GitHub/ShadowStep/ShadowStep/Content/StarterContent/Materials/M_Tech_Hex_Tile_Pulse.uasset" 543
"../../../../../Documents/GitHub/ShadowStep/ShadowStep/Content/StarterContent/Textures/T_Tech_Panel_M.uasset" 544
"../../../../../Documents/GitHub/ShadowStep/ShadowStep/Content/StarterContent/Textures/T_Tech_Panel_N.uasset" 545
"../../../../../Documents/GitHub/ShadowStep/ShadowStep/Content/StarterContent/Materials/M_Tech_Panel.uasset" 546
"../../../../../Documents/GitHub/ShadowStep/ShadowStep/Content/StarterContent/Materials/M_Water_Lake.uasset" 547
"../../../../../Documents/GitHub/ShadowStep/ShadowStep/Content/StarterContent/Textures/T_Water_M.uasset" 548
"../../../../../Documents/GitHub/ShadowStep/ShadowStep/Content/StarterContent/Materials/M_Water_Ocean.uasset" 549
"../../../../../Documents/GitHub/ShadowStep/ShadowStep/Content/StarterContent/Textures/T_Wood_Floor_Walnut_D.uasset" 550
"../../../../../Documents/GitHub/ShadowStep/ShadowStep/Content/StarterContent/Textures/T_Wood_Floor_Walnut_M.uasset" 551
"../../../../../Documents/GitHub/ShadowStep/ShadowStep/Content/StarterContent/Textures/T_Wood_Floor_Walnut_N.uasset" 552
"../../../../../Documents/GitHub/ShadowStep/ShadowStep/Content/StarterContent/Materials/M_Wood_Floor_Walnut_Polished.uasset" 553
"../../../Engine/Content/Functions/Engine_MaterialFunctions01/Opacity/AlphaOffset.uasset" 554
"../../../../../Documents/GitHub/ShadowStep/ShadowStep/Content/StarterContent/Materials/M_Wood_Floor_Walnut_Worn.uasset" 555
"../../../../../Documents/GitHub/ShadowStep/ShadowStep/Content/StarterContent/Textures/T_Wood_Oak_D.uasset" 556
"../../../../../Documents/GitHub/ShadowStep/ShadowStep/Content/StarterContent/Textures/T_Wood_Oak_N.uasset" 557
"../../../../../Documents/GitHub/ShadowStep/ShadowStep/Content/StarterContent/Materials/M_Wood_Oak.uasset" 558
"../../../../../Documents/GitHub/ShadowStep/ShadowStep/Content/StarterContent/Textures/T_Wood_Pine_D.uasset" 559
"../../../../../Documents/GitHub/ShadowStep/ShadowStep/Content/StarterContent/Textures/T_Wood_Pine_N.uasset" 560
"../../../../../Documents/GitHub/ShadowStep/ShadowStep/Content/StarterContent/Materials/M_Wood_Pine.uasset" 561
"../../../../../Documents/GitHub/ShadowStep/ShadowStep/Content/StarterContent/Textures/T_Wood_Walnut_D.uasset" 562
"../../../../../Documents/GitHub/ShadowStep/ShadowStep/Content/StarterContent/Textures/T_Wood_Walnut_N.uasset" 563
"../../../../../Documents/GitHub/ShadowStep/ShadowStep/Content/StarterContent/Materials/M_Wood_Walnut.uasset" 564
"../../../../../Documents/GitHub/ShadowStep/ShadowStep/Content/StarterContent/Architecture/Wall_400x200.uasset" 565
"../../../../../Documents/GitHub/ShadowStep/ShadowStep/Content/StarterContent/Architecture/Wall_Door_400x300.uasset" 566
"../../../../../Documents/GitHub/ShadowStep/ShadowStep/Content/StarterContent/Architecture/Wall_Window_400x300.uasset" 567
"../../../../../Documents/GitHub/ShadowStep/ShadowStep/Content/StarterContent/Audio/Collapse_Cue.uasset" 568
"../../../../../Documents/GitHub/ShadowStep/ShadowStep/Content/StarterContent/Audio/Starter_Music_Cue.uasset" 569
"../../../../../Documents/GitHub/ShadowStep/ShadowStep/Content/StarterContent/Textures/T_Dust_Particle_D.uasset" 570
"../../../../../Documents/GitHub/ShadowStep/ShadowStep/Content/StarterContent/Particles/Materials/M_Dust_Particle.uasset" 571
"../../../../../Documents/GitHub/ShadowStep/ShadowStep/Content/StarterContent/Particles/P_Ambient_Dust.uasset" 572
"../../../../../Documents/GitHub/ShadowStep/ShadowStep/Content/StarterContent/Textures/T_Frame_M.uasset" 573
"../../../../../Documents/GitHub/ShadowStep/ShadowStep/Content/StarterContent/Textures/T_Frame_N.uasset" 574
"../../../../../Documents/GitHub/ShadowStep/ShadowStep/Content/StarterContent/Props/Materials/M_Frame.uasset" 575
"../../../../../Documents/GitHub/ShadowStep/ShadowStep/Content/StarterContent/Props/SM_CornerFrame.uasset" 576
"../../../../../Documents/GitHub/ShadowStep/ShadowStep/Content/StarterContent/Props/SM_DoorFrame.uasset" 577
"../../../../../Documents/GitHub/ShadowStep/ShadowStep/Content/StarterContent/Props/SM_GlassWindow.uasset" 578
"../../../../../Documents/GitHub/ShadowStep/ShadowStep/Content/StarterContent/Props/SM_PillarFrame.uasset" 579
"../../../../../Documents/GitHub/ShadowStep/ShadowStep/Content/StarterContent/Props/SM_PillarFrame300.uasset" 580
"../../../../../Documents/GitHub/ShadowStep/ShadowStep/Content/StarterContent/Props/SM_WindowFrame.uasset" 581
"../../../../../Documents/GitHub/ShadowStep/ShadowStep/Content/StarterContent/Shapes/Shape_Cube.uasset" 582
"../../../../../Documents/GitHub/ShadowStep/ShadowStep/Content/StarterContent/Shapes/Shape_QuadPyramid.uasset" 583
"../../../../../Documents/GitHub/ShadowStep/ShadowStep/Content/StarterContent/Shapes/Shape_Sphere.uasset" 584
"../../../../../Documents/GitHub/ShadowStep/ShadowStep/Content/StarterContent/Maps/StarterMap.umap" 585
"../../../../../Documents/GitHub/ShadowStep/ShadowStep/Content/ThirdPersonBP/AI/AIState.uasset" 586
"../../../../../Documents/GitHub/ShadowStep/ShadowStep/Content/ThirdPersonBP/AI/myBlackboard.uasset" 587
"../../../../../Documents/GitHub/ShadowStep/ShadowStep/Content/ThirdPersonBP/AI/BTS_VsionCheck.uasset" 588
"../../../../../Documents/GitHub/ShadowStep/ShadowStep/Content/ThirdPersonBP/AI/BTT_DestroyMemory.uasset" 589
"../../../../../Documents/GitHub/ShadowStep/ShadowStep/Content/ThirdPersonBP/AI/BTT_SetWalkSpeed.uasset" 590
"../../../../../Documents/GitHub/ShadowStep/ShadowStep/Content/ThirdPersonBP/AI/BTT_WanderToPoint.uasset" 591
"../../../../../Documents/GitHub/ShadowStep/ShadowStep/Content/ThirdPersonBP/AI/myBahaviorTree.uasset" 592
"../../../../../Documents/GitHub/ShadowStep/ShadowStep/Content/ThirdPersonBP/AI/AIcharacter.uasset" 593
"../../../../../Documents/GitHub/ShadowStep/ShadowStep/Content/ThirdPersonBP/Blueprints/AI.uasset" 594
"../../../../../Documents/GitHub/ShadowStep/ShadowStep/Content/RotatingLight.uasset" 595
"../../../../../Documents/GitHub/ShadowStep/ShadowStep/Content/Geometry/Meshes/CubeMaterial.uasset" 596
"../../../../../Documents/GitHub/ShadowStep/ShadowStep/Content/Geometry/Meshes/1M_Cube.uasset" 597
"../../../../../Documents/GitHub/ShadowStep/ShadowStep/Content/Wall.uasset" 598
"../../../../../Documents/GitHub/ShadowStep/ShadowStep/Content/Geometry/Meshes/TemplateFloor.uasset" 599
"../../../../../Documents/GitHub/ShadowStep/ShadowStep/Content/Floor_Blueprint.uasset" 600
"../../../../../Documents/GitHub/ShadowStep/ShadowStep/Content/ThirdPersonBP/Maps/ThirdPersonExampleMap_BuiltData.uasset" 601
"../../../../../Documents/GitHub/ShadowStep/ShadowStep/Content/LightCone.uasset" 602
"../../../../../Documents/GitHub/ShadowStep/ShadowStep/Content/ThirdPersonBP/arms.uasset" 603
"../../../../../Documents/GitHub/ShadowStep/ShadowStep/Content/ThirdPersonBP/Neck.uasset" 604
"../../../../../Documents/GitHub/ShadowStep/ShadowStep/Content/Geometry/Meshes/1M_Cube_Chamfer.uasset" 605
"../../../../../Documents/GitHub/ShadowStep/ShadowStep/Content/ThirdPerson/Meshes/RampMaterial.uasset" 606
"../../../../../Documents/GitHub/ShadowStep/ShadowStep/Content/ThirdPerson/Meshes/Bump_StaticMesh.uasset" 607
"../../../../../Documents/GitHub/ShadowStep/ShadowStep/Content/ThirdPerson/Meshes/LeftArm_StaticMesh.uasset" 608
"../../../../../Documents/GitHub/ShadowStep/ShadowStep/Content/ThirdPerson/Meshes/Linear_Stair_StaticMesh.uasset" 609
"../../../../../Documents/GitHub/ShadowStep/ShadowStep/Content/ThirdPerson/Meshes/Ramp_StaticMesh.uasset" 610
"../../../../../Documents/GitHub/ShadowStep/ShadowStep/Content/ThirdPerson/Meshes/RightArm_StaticMesh.uasset" 611
"../../../../../Documents/GitHub/ShadowStep/ShadowStep/Content/ThirdPersonBP/Ankh.uasset" 612
"../../../../../Documents/GitHub/ShadowStep/ShadowStep/Content/ThirdPersonBP/CrossGate.uasset" 613
"../../../../../Documents/GitHub/ShadowStep/ShadowStep/Content/ThirdPersonBP/Gate_pCube85.uasset" 614
"../../../../../Documents/GitHub/ShadowStep/ShadowStep/Content/ThirdPersonBP/Ped_Base1.uasset" 615
"../../../../../Documents/GitHub/ShadowStep/ShadowStep/Content/ThirdPersonBP/Ped_Base2.uasset" 616
"../../../../../Documents/GitHub/ShadowStep/ShadowStep/Content/ThirdPersonBP/Ped_Bod2.uasset" 617
"../../../../../Documents/GitHub/ShadowStep/ShadowStep/Content/ThirdPersonBP/PeD_Body1.uasset" 618
"../../../../../Documents/GitHub/ShadowStep/ShadowStep/Content/ThirdPersonBP/Ped_Head.uasset" 619
"../../../../../Documents/GitHub/ShadowStep/ShadowStep/Content/ThirdPersonBP/TOp.uasset" 620
"../../../../../Documents/GitHub/ShadowStep/ShadowStep/Content/ThirdPersonBP/Pedestal_pCylinder1.uasset" 621
"../../../../../Documents/GitHub/ShadowStep/ShadowStep/Content/ThirdPersonBP/beard.uasset" 622
"../../../../../Documents/GitHub/ShadowStep/ShadowStep/Content/ThirdPersonBP/cropnwhip.uasset" 623
"../../../../../Documents/GitHub/ShadowStep/ShadowStep/Content/ThirdPersonBP/Face_Sac.uasset" 624
"../../../../../Documents/GitHub/ShadowStep/ShadowStep/Content/ThirdPersonBP/Sarc_body.uasset" 625
"../../../../../Documents/GitHub/ShadowStep/ShadowStep/Content/ThirdPersonBP/Sarcophogus_pCylinder12.uasset" 626
"../../../../../Documents/GitHub/ShadowStep/ShadowStep/Content/ThirdPersonBP/Maps/ThirdPersonExampleMap.umap" 627
"../../../Engine/Content/Maps/Entry.umap" 628
